21:49:39 **** Incremental Build of configuration Debug for project Modelo_de_parcial_1 ****
make all 
Building file: ../src/lib.c
Invoking: Cross GCC Compiler
gcc -O0 -g3 -Wall -c -fmessage-length=0 -MMD -MP -MF"src/lib.d" -MT"src/lib.o" -o "src/lib.o" "../src/lib.c"
In file included from ../src/lib.c:11:0:
../src/lib.h:28:50: error: stray ‘\303’ in program
 int asociadoAlta(datosPersonales *array, int tamaño, int* contadorID);
                                                  ^
../src/lib.h:28:51: error: stray ‘\261’ in program
 int asociadoAlta(datosPersonales *array, int tamaño, int* contadorID);
                                                   ^
../src/lib.h:28:52: error: expected ‘;’, ‘,’ or ‘)’ before ‘o’
 int asociadoAlta(datosPersonales *array, int tamaño, int* contadorID);
                                                    ^
../src/lib.h:29:57: error: stray ‘\303’ in program
 int asociadoBuscarEmpty(datosPersonales *array, int tamaño, int* posicion);
                                                         ^
../src/lib.h:29:58: error: stray ‘\261’ in program
 int asociadoBuscarEmpty(datosPersonales *array, int tamaño, int* posicion);
                                                          ^
src/subdir.mk:21: fallo en las instrucciones para el objetivo 'src/lib.o'
../src/lib.h:29:59: error: expected ‘;’, ‘,’ or ‘)’ before ‘o’
 int asociadoBuscarEmpty(datosPersonales *array, int tamaño, int* posicion);
                                                           ^
../src/lib.c:46:58: error: stray ‘\303’ in program
 int asociadoBuscarEmpty(datosPersonales array[], int tamaño, int *posicion)
                                                          ^
../src/lib.c:46:59: error: stray ‘\261’ in program
 int asociadoBuscarEmpty(datosPersonales array[], int tamaño, int *posicion)
                                                           ^
../src/lib.c:46:60: error: expected ‘;’, ‘,’ or ‘)’ before ‘o’
 int asociadoBuscarEmpty(datosPersonales array[], int tamaño, int *posicion)
                                                            ^
../src/lib.c:50:27: error: stray ‘\303’ in program
  if (array != NULL && tamaño >= 0 && posicion != NULL) {
                           ^
../src/lib.c:50:28: error: stray ‘\261’ in program
  if (array != NULL && tamaño >= 0 && posicion != NULL) {
                            ^
../src/lib.c:51:23: error: stray ‘\303’ in program
   for (i = 0; i < tamaño; i++) {
                       ^
../src/lib.c:51:24: error: stray ‘\261’ in program
   for (i = 0; i < tamaño; i++) {
                        ^
../src/lib.c:61:51: error: stray ‘\303’ in program
 int asociadoAlta(datosPersonales array[], int tamaño, int *contadorID)
                                                   ^
../src/lib.c:61:52: error: stray ‘\261’ in program
 int asociadoAlta(datosPersonales array[], int tamaño, int *contadorID)
                                                    ^
../src/lib.c:61:53: error: expected ‘;’, ‘,’ or ‘)’ before ‘o’
 int asociadoAlta(datosPersonales array[], int tamaño, int *contadorID)
                                                     ^
../src/lib.c:65:27: error: stray ‘\303’ in program
  if (array != NULL && tamaño > 0 && contadorID != NULL) {
                           ^
../src/lib.c:65:28: error: stray ‘\261’ in program
  if (array != NULL && tamaño > 0 && contadorID != NULL) {
                            ^
../src/lib.c:66:39: error: stray ‘\303’ in program
   if (asociado_buscarEmpty(array, tamaño, &posicion) == ERROR)
                                       ^
../src/lib.c:66:40: error: stray ‘\261’ in program
   if (asociado_buscarEmpty(array, tamaño, &posicion) == ERROR)
                                        ^
make: *** [src/lib.o] Error 1
"make all" terminated with exit code 2. Build might be incomplete.
21:50:24 **** Incremental Build of configuration Debug for project Modelo_de_parcial_1 ****
make all 
Building file: ../src/lib.c
Invoking: Cross GCC Compiler
gcc -O0 -g3 -Wall -c -fmessage-length=0 -MMD -MP -MF"src/lib.d" -MT"src/lib.o" -o "src/lib.o" "../src/lib.c"
In file included from ../src/lib.c:11:0:
../src/lib.h:28:50: error: stray ‘\303’ in program
 int asociadoAlta(datosPersonales *array, int tamaño, int* contadorID);
                                                  ^
../src/lib.h:28:51: error: stray ‘\261’ in program
 int asociadoAlta(datosPersonales *array, int tamaño, int* contadorID);
                                                   ^
../src/lib.h:28:52: error: expected ‘;’, ‘,’ or ‘)’ before ‘o’
 int asociadoAlta(datosPersonales *array, int tamaño, int* contadorID);
                                                    ^
../src/lib.h:29:57: error: stray ‘\303’ in program
 int asociadoBuscarEmpty(datosPersonales *array, int tamaño, int* posicion);
                                                         ^
../src/lib.h:29:58: error: stray ‘\261’ in program
 int asociadoBuscarEmpty(datosPersonales *array, int tamaño, int* posicion);
                                                          ^
../src/lib.h:29:59: error: expected ‘;’, ‘,’ or ‘)’ before ‘o’
 int asociadoBuscarEmpty(datosPersonales *array, int tamaño, int* posicion);
src/subdir.mk:21: fallo en las instrucciones para el objetivo 'src/lib.o'
                                                           ^
../src/lib.c:46:58: error: stray ‘\303’ in program
 int asociadoBuscarEmpty(datosPersonales array[], int tamaño, int *posicion)
                                                          ^
../src/lib.c:46:59: error: stray ‘\261’ in program
 int asociadoBuscarEmpty(datosPersonales array[], int tamaño, int *posicion)
                                                           ^
../src/lib.c:46:60: error: expected ‘;’, ‘,’ or ‘)’ before ‘o’
 int asociadoBuscarEmpty(datosPersonales array[], int tamaño, int *posicion)
                                                            ^
../src/lib.c:50:27: error: stray ‘\303’ in program
  if (array != NULL && tamaño >= 0 && posicion != NULL) {
                           ^
../src/lib.c:50:28: error: stray ‘\261’ in program
  if (array != NULL && tamaño >= 0 && posicion != NULL) {
                            ^
../src/lib.c:51:23: error: stray ‘\303’ in program
   for (i = 0; i < tamaño; i++) {
                       ^
../src/lib.c:51:24: error: stray ‘\261’ in program
   for (i = 0; i < tamaño; i++) {
                        ^
../src/lib.c:61:51: error: stray ‘\303’ in program
 int asociadoAlta(datosPersonales array[], int tamaño, int *contadorID)
                                                   ^
../src/lib.c:61:52: error: stray ‘\261’ in program
 int asociadoAlta(datosPersonales array[], int tamaño, int *contadorID)
                                                    ^
../src/lib.c:61:53: error: expected ‘;’, ‘,’ or ‘)’ before ‘o’
 int asociadoAlta(datosPersonales array[], int tamaño, int *contadorID)
                                                     ^
../src/lib.c:65:27: error: stray ‘\303’ in program
  if (array != NULL && tamaño > 0 && contadorID != NULL) {
                           ^
../src/lib.c:65:28: error: stray ‘\261’ in program
  if (array != NULL && tamaño > 0 && contadorID != NULL) {
                            ^
../src/lib.c:66:39: error: stray ‘\303’ in program
   if (asociado_buscarEmpty(array, tamaño, &posicion) == ERROR)
                                       ^
../src/lib.c:66:40: error: stray ‘\261’ in program
   if (asociado_buscarEmpty(array, tamaño, &posicion) == ERROR)
                                        ^
make: *** [src/lib.o] Error 1
"make all" terminated with exit code 2. Build might be incomplete.
21:50:29 **** Incremental Build of configuration Debug for project Modelo_de_parcial_1 ****
make all 
Building file: ../src/lib.c
Invoking: Cross GCC Compiler
gcc -O0 -g3 -Wall -c -fmessage-length=0 -MMD -MP -MF"src/lib.d" -MT"src/lib.o" -o "src/lib.o" "../src/lib.c"
In file included from ../src/lib.c:11:0:
../src/lib.h:28:50: error: stray ‘\303’ in program
 int asociadoAlta(datosPersonales *array, int tamaño, int* contadorID);
                                                  ^
../src/lib.h:28:51: error: stray ‘\261’ in program
 int asociadoAlta(datosPersonales *array, int tamaño, int* contadorID);
                                                   ^
../src/lib.h:28:52: error: expected ‘;’, ‘,’ or ‘)’ before ‘o’
 int asociadoAlta(datosPersonales *array, int tamaño, int* contadorID);
                                                    ^
../src/lib.h:29:57: error: stray ‘\303’ in program
 int asociadoBuscarEmpty(datosPersonales *array, int tamaño, int* posicion);
                                                         ^
../src/lib.h:29:58: error: stray ‘\261’ in program
 int asociadoBuscarEmpty(datosPersonales *array, int tamaño, int* posicion);
                                                          ^
../src/lib.h:29:59: error: expected ‘;’, ‘,’ or ‘)’ before ‘o’
 int asociadoBuscarEmpty(datosPersonales *array, int tamaño, int* posicion);
                                                           ^
../src/lib.c:46:58: error: stray ‘\303’ in program
 int asociadoBuscarEmpty(datosPersonales array[], int tamaño, int *posicion)
                                                          ^
../src/lib.c:46:59: error: stray ‘\261’ in program
 int asociadoBuscarEmpty(datosPersonales array[], int tamaño, int *posicion)
                                                           ^
../src/lib.c:46:60: error: expected ‘;’, ‘,’ or ‘)’ before ‘o’
 int asociadoBuscarEmpty(datosPersonales array[], int tamaño, int *posicion)
                                                            ^
../src/lib.c:50:27: error: stray ‘\303’ in program
  if (array != NULL && tamaño >= 0 && posicion != NULL) {
                           ^
../src/lib.c:50:28: error: stray ‘\261’ in program
  if (array != NULL && tamaño >= 0 && posicion != NULL) {
                            ^
../src/lib.c:51:23: error: stray ‘\303’ in program
   for (i = 0; i < tamaño; i++) {
                       ^
../src/lib.c:51:24: error: stray ‘\261’ in program
   for (i = 0; i < tamaño; i++) {
                        ^
../src/lib.c:61:51: error: stray ‘\303’ in program
 int asociadoAlta(datosPersonales array[], int tamaño, int *contadorID)
                                                   ^
../src/lib.c:61:52: error: stray ‘\261’ in program
 int asociadoAlta(datosPersonales array[], int tamaño, int *contadorID)
                                                    ^
../src/lib.c:61:53: error: expected ‘;’, ‘,’ or ‘)’ before ‘o’
 int asociadoAlta(datosPersonales array[], int tamaño, int *contadorID)
                                                     ^
../src/lib.c:65:27: error: stray ‘\303’ in program
  if (array != NULL && tamaño > 0 && contadorID != NULL) {
                           ^
../src/lib.c:65:28: error: stray ‘\261’ in program
  if (array != NULL && tamaño > 0 && contadorID != NULL) {
                            ^
../src/lib.c:66:39: error: stray ‘\303’ in program
   if (asociado_buscarEmpty(array, tamaño, &posicion) == ERROR)
                                       ^
../src/lib.c:66:40: error: stray ‘\261’ in program
   if (asociado_buscarEmpty(array, tamaño, &posicion) == ERROR)
                                        ^
src/subdir.mk:21: fallo en las instrucciones para el objetivo 'src/lib.o'
make: *** [src/lib.o] Error 1
"make all" terminated with exit code 2. Build might be incomplete.
21:56:28 **** Incremental Build of configuration Debug for project Modelo_de_parcial_1 ****
make all 
Building file: ../src/lib.c
Invoking: Cross GCC Compiler
gcc -O0 -g3 -Wall -c -fmessage-length=0 -MMD -MP -MF"src/lib.d" -MT"src/lib.o" -o "src/lib.o" "../src/lib.c"
In file included from ../src/lib.c:11:0:
../src/lib.h:28:50: error: stray ‘\303’ in program
 int asociadoAlta(datosPersonales *array, int tamaño, int* contadorID);
                                                  ^
../src/lib.h:28:51: error: stray ‘\261’ in program
 int asociadoAlta(datosPersonales *array, int tamaño, int* contadorID);
                                                   ^
../src/lib.h:28:52: error: expected ‘;’, ‘,’ or ‘)’ before ‘o’
 int asociadoAlta(datosPersonales *array, int tamaño, int* contadorID);
                                                    ^
../src/lib.h:29:57: error: stray ‘\303’ in program
 int asociadoBuscarEmpty(datosPersonales *array, int tamaño, int* posicion);
                                                         ^
../src/lib.h:29:58: error: stray ‘\261’ in program
 int asociadoBuscarEmpty(datosPersonales *array, int tamaño, int* posicion);
                                                          ^
../src/lib.h:29:59: error: expected ‘;’, ‘,’ or ‘)’ before ‘o’
 int asociadoBuscarEmpty(datosPersonales *array, int tamaño, int* posicion);
                                                           ^
../src/lib.c: In function ‘asociadoAlta’:
../src/lib.c:66:7: warning: implicit declaration of function ‘asociado_buscarEmpty’ [-Wimplicit-function-declaration]
   if (asociado_buscarEmpty(array, size, &posicion) == ERROR)
       ^~~~~~~~~~~~~~~~~~~~
../src/lib.c:75:54: warning: format ‘%s’ expects argument of type ‘char *’, but argument 5 has type ‘int’ [-Wformat=]
      "\n Posicion: %d\n ID: %d\n Tipo: %s\n Nombre: %s\n Calle: %s\n varFloat: %2.f",
                                                      ^
../src/lib.c:75:66: warning: format ‘%s’ expects a matching ‘char *’ argument [-Wformat=]
src/subdir.mk:21: fallo en las instrucciones para el objetivo 'src/lib.o'
      "\n Posicion: %d\n ID: %d\n Tipo: %s\n Nombre: %s\n Calle: %s\n varFloat: %2.f",
                                                                  ^
../src/lib.c:75:83: warning: format ‘%f’ expects a matching ‘double’ argument [-Wformat=]
      "\n Posicion: %d\n ID: %d\n Tipo: %s\n Nombre: %s\n Calle: %s\n varFloat: %2.f",
                                                                                   ^
make: *** [src/lib.o] Error 1
"make all" terminated with exit code 2. Build might be incomplete.
21:57:07 **** Incremental Build of configuration Debug for project Modelo_de_parcial_1 ****
make all 
Building file: ../src/lib.c
Invoking: Cross GCC Compiler
gcc -O0 -g3 -Wall -c -fmessage-length=0 -MMD -MP -MF"src/lib.d" -MT"src/lib.o" -o "src/lib.o" "../src/lib.c"
In file included from ../src/lib.c:11:0:
../src/lib.h:28:50: error: stray ‘\303’ in program
 int asociadoAlta(datosPersonales *array, int tamaño, int* contadorID);
                                                  ^
../src/lib.h:28:51: error: stray ‘\261’ in program
 int asociadoAlta(datosPersonales *array, int tamaño, int* contadorID);
                                                   ^
../src/lib.h:28:52: error: expected ‘;’, ‘,’ or ‘)’ before ‘o’
 int asociadoAlta(datosPersonales *array, int tamaño, int* contadorID);
                                                    ^
../src/lib.h:29:57: error: stray ‘\303’ in program
 int asociadoBuscarEmpty(datosPersonales *array, int tamaño, int* posicion);
                                                         ^
../src/lib.h:29:58: error: stray ‘\261’ in program
 int asociadoBuscarEmpty(datosPersonales *array, int tamaño, int* posicion);
                                                          ^
../src/lib.h:29:59: error: expected ‘;’, ‘,’ or ‘)’ before ‘o’
 int asociadoBuscarEmpty(datosPersonales *array, int tamaño, int* posicion);
                                                           ^
src/subdir.mk:21: fallo en las instrucciones para el objetivo 'src/lib.o'
make: *** [src/lib.o] Error 1
"make all" terminated with exit code 2. Build might be incomplete.
21:57:22 **** Incremental Build of configuration Debug for project Modelo_de_parcial_1 ****
make all 
Building file: ../src/lib.c
Invoking: Cross GCC Compiler
gcc -O0 -g3 -Wall -c -fmessage-length=0 -MMD -MP -MF"src/lib.d" -MT"src/lib.o" -o "src/lib.o" "../src/lib.c"
Finished building: ../src/lib.c
 
Building file: ../src/modeloParcial.c
Invoking: Cross GCC Compiler
gcc -O0 -g3 -Wall -c -fmessage-length=0 -MMD -MP -MF"src/modeloParcial.d" -MT"src/modeloParcial.o" -o "src/modeloParcial.o" "../src/modeloParcial.c"
../src/modeloParcial.c: In function ‘main’:
../src/modeloParcial.c:20:9: warning: passing argument 1 of ‘printf’ makes pointer from integer without a cast [-Wint-conversion]
  printf(1+1);
         ^
In file included from ../src/modeloParcial.c:11:0:
/usr/include/stdio.h:364:12: note: expected ‘const char * restrict’ but argument is of type ‘int’
 extern int printf (const char *__restrict __format, ...);
            ^~~~~~
../src/modeloParcial.c:17:6: warning: unused variable ‘idAsociados’ [-Wunused-variable]
  int idAsociados = 0;
      ^~~~~~~~~~~
Finished building: ../src/modeloParcial.c
 
Building target: Modelo_de_parcial_1
Invoking: Cross GCC Linker
gcc  -o "Modelo_de_parcial_1"  ./src/lib.o ./src/modeloParcial.o   
Finished building target: Modelo_de_parcial_1
 
22:07:48 **** Incremental Build of configuration Debug for project Modelo_de_parcial_1 ****
make all 
Building file: ../src/lib.c
Invoking: Cross GCC Compiler
gcc -O0 -g3 -Wall -c -fmessage-length=0 -MMD -MP -MF"src/lib.d" -MT"src/lib.o" -o "src/lib.o" "../src/lib.c"
Finished building: ../src/lib.c
 
Building file: ../src/modeloParcial.c
Invoking: Cross GCC Compiler
gcc -O0 -g3 -Wall -c -fmessage-length=0 -MMD -MP -MF"src/modeloParcial.d" -MT"src/modeloParcial.o" -o "src/modeloParcial.o" "../src/modeloParcial.c"
../src/modeloParcial.c: In function ‘main’:
../src/modeloParcial.c:21:2: warning: implicit declaration of function ‘pantalla_Inicializar’ [-Wimplicit-function-declaration]
  pantalla_Inicializar(arrayAsociados, QTY_TIPO);
  ^~~~~~~~~~~~~~~~~~~~
../src/modeloParcial.c:24:3: warning: implicit declaration of function ‘utn_getUnsignedInt’ [-Wimplicit-function-declaration]
   utn_getUnsignedInt(
   ^~~~~~~~~~~~~~~~~~
../src/modeloParcial.c:29:4: warning: implicit declaration of function ‘pantalla_alta’ [-Wimplicit-function-declaration]
    pantalla_alta(arrayPantalla, QTY_TIPO, &contadorIdpantalla);
    ^~~~~~~~~~~~~
../src/modeloParcial.c:29:18: error: ‘arrayPantalla’ undeclared (first use in this function)
    pantalla_alta(arrayPantalla, QTY_TIPO, &contadorIdpantalla);
                  ^~~~~~~~~~~~~
../src/modeloParcial.c:29:18: note: each undeclared identifier is reported only once for each function it appears in
src/subdir.mk:21: fallo en las instrucciones para el objetivo 'src/modeloParcial.o'
../src/modeloParcial.c:29:44: error: ‘contadorIdpantalla’ undeclared (first use in this function)
    pantalla_alta(arrayPantalla, QTY_TIPO, &contadorIdpantalla);
                                            ^~~~~~~~~~~~~~~~~~
../src/modeloParcial.c:38:4: warning: implicit declaration of function ‘pantalla_baja’ [-Wimplicit-function-declaration]
    pantalla_baja(arrayPantalla, QTY_TIPO);                   //cambiar
    ^~~~~~~~~~~~~
../src/modeloParcial.c:42:4: warning: implicit declaration of function ‘pantalla_listar’ [-Wimplicit-function-declaration]
    pantalla_listar(arrayPantalla, QTY_TIPO);                  //cambiar
    ^~~~~~~~~~~~~~~
../src/modeloParcial.c:47:4: warning: implicit declaration of function ‘pantalla_contratar’ [-Wimplicit-function-declaration]
    pantalla_contratar(arrayPublicidad, QTY_TIPO);             //cambiar
    ^~~~~~~~~~~~~~~~~~
../src/modeloParcial.c:47:23: error: ‘arrayPublicidad’ undeclared (first use in this function)
    pantalla_contratar(arrayPublicidad, QTY_TIPO);             //cambiar
                       ^~~~~~~~~~~~~~~
../src/modeloParcial.c:55:4: warning: implicit declaration of function ‘publicidad_listar’ [-Wimplicit-function-declaration]
    publicidad_listar(arrayPublicidad, QTY_TIPO);
    ^~~~~~~~~~~~~~~~~
../src/modeloParcial.c:59:4: warning: implicit declaration of function ‘publicidad_modificar’ [-Wimplicit-function-declaration]
    publicidad_modificar(arrayPublicidad, QTY_TIPO);
    ^~~~~~~~~~~~~~~~~~~~
../src/modeloParcial.c:63:4: warning: implicit declaration of function ‘publicidad_consultaFacturacion’ [-Wimplicit-function-declaration]
    publicidad_consultaFacturacion(arrayPantalla, QTY_TIPO,
    ^~~~~~~~~~~~~~~~~~~~~~~~~~~~~~
../src/modeloParcial.c:73:2: warning: ‘return’ with no value, in function returning non-void
  return;
  ^~~~~~
../src/modeloParcial.c:16:5: note: declared here
 int main(void) {
     ^~~~
../src/modeloParcial.c:74:9: error: ‘retorno’ undeclared (first use in this function)
  return retorno;
         ^~~~~~~
../src/modeloParcial.c:18:6: warning: unused variable ‘contadorIdAsociados’ [-Wunused-variable]
  int contadorIdAsociados = 0;                   //cambiar
      ^~~~~~~~~~~~~~~~~~~
make: *** [src/modeloParcial.o] Error 1
"make all" terminated with exit code 2. Build might be incomplete.
22:09:54 **** Incremental Build of configuration Debug for project Modelo_de_parcial_1 ****
make all 
Building file: ../src/modeloParcial.c
Invoking: Cross GCC Compiler
gcc -O0 -g3 -Wall -c -fmessage-length=0 -MMD -MP -MF"src/modeloParcial.d" -MT"src/modeloParcial.o" -o "src/modeloParcial.o" "../src/modeloParcial.c"
../src/modeloParcial.c: In function ‘main’:
../src/modeloParcial.c:21:2: warning: implicit declaration of function ‘pantalla_Inicializar’ [-Wimplicit-function-declaration]
  pantalla_Inicializar(arrayAsociados, QTY_TIPO);
  ^~~~~~~~~~~~~~~~~~~~
../src/modeloParcial.c:26:4: warning: implicit declaration of function ‘pantalla_alta’ [-Wimplicit-function-declaration]
    pantalla_alta(arrayAsociados, QTY_TIPO, &contadorIdAsociados);
    ^~~~~~~~~~~~~
../src/modeloParcial.c:35:4: warning: implicit declaration of function ‘pantalla_baja’ [-Wimplicit-function-declaration]
    pantalla_baja(arrayAsociados, QTY_TIPO);                   //cambiar
    ^~~~~~~~~~~~~
src/subdir.mk:21: fallo en las instrucciones para el objetivo 'src/modeloParcial.o'
../src/modeloParcial.c:39:4: warning: implicit declaration of function ‘pantalla_listar’ [-Wimplicit-function-declaration]
    pantalla_listar(arrayAsociados, QTY_TIPO);                  //cambiar
    ^~~~~~~~~~~~~~~
../src/modeloParcial.c:44:4: warning: implicit declaration of function ‘pantalla_contratar’ [-Wimplicit-function-declaration]
    pantalla_contratar(arrayPublicidad, QTY_TIPO);             //cambiar
    ^~~~~~~~~~~~~~~~~~
../src/modeloParcial.c:44:23: error: ‘arrayPublicidad’ undeclared (first use in this function)
    pantalla_contratar(arrayPublicidad, QTY_TIPO);             //cambiar
                       ^~~~~~~~~~~~~~~
../src/modeloParcial.c:44:23: note: each undeclared identifier is reported only once for each function it appears in
../src/modeloParcial.c:58:2: warning: ‘return’ with no value, in function returning non-void
  return;
  ^~~~~~
../src/modeloParcial.c:16:5: note: declared here
 int main(void) {
     ^~~~
../src/modeloParcial.c:59:9: error: ‘retorno’ undeclared (first use in this function)
  return retorno;
         ^~~~~~~
make: *** [src/modeloParcial.o] Error 1
"make all" terminated with exit code 2. Build might be incomplete.
22:10:51 **** Incremental Build of configuration Debug for project Modelo_de_parcial_1 ****
make all 
Building file: ../src/modeloParcial.c
Invoking: Cross GCC Compiler
gcc -O0 -g3 -Wall -c -fmessage-length=0 -MMD -MP -MF"src/modeloParcial.d" -MT"src/modeloParcial.o" -o "src/modeloParcial.o" "../src/modeloParcial.c"
../src/modeloParcial.c: In function ‘main’:
../src/modeloParcial.c:21:2: warning: implicit declaration of function ‘pantalla_Inicializar’ [-Wimplicit-function-declaration]
  pantalla_Inicializar(arrayAsociados, QTY_TIPO);
  ^~~~~~~~~~~~~~~~~~~~
../src/modeloParcial.c:26:4: warning: implicit declaration of function ‘pantalla_alta’ [-Wimplicit-function-declaration]
    pantalla_alta(arrayAsociados, QTY_TIPO, &contadorIdAsociados);
    ^~~~~~~~~~~~~
../src/modeloParcial.c:34:4: warning: implicit declaration of function ‘pantalla_baja’ [-Wimplicit-function-declaration]
    pantalla_baja(arrayAsociados, QTY_TIPO);
    ^~~~~~~~~~~~~
src/subdir.mk:21: fallo en las instrucciones para el objetivo 'src/modeloParcial.o'
../src/modeloParcial.c:38:4: warning: implicit declaration of function ‘pantalla_listar’ [-Wimplicit-function-declaration]
    pantalla_listar(arrayAsociados, QTY_TIPO);
    ^~~~~~~~~~~~~~~
../src/modeloParcial.c:54:2: warning: ‘return’ with no value, in function returning non-void
  return;
  ^~~~~~
../src/modeloParcial.c:16:5: note: declared here
 int main() {
     ^~~~
../src/modeloParcial.c:55:9: error: ‘retorno’ undeclared (first use in this function)
  return retorno;
         ^~~~~~~
../src/modeloParcial.c:55:9: note: each undeclared identifier is reported only once for each function it appears in
make: *** [src/modeloParcial.o] Error 1
"make all" terminated with exit code 2. Build might be incomplete.
